
> skult-pwa@0.1.0 dev
> next dev --port 3000

[baseline-browser-mapping] The data in this module is over two months old.  To ensure accurate Baseline data, please update: `npm i baseline-browser-mapping@latest -D`
   ▲ Next.js 16.0.10 (Turbopack)
   - Local:         http://localhost:3000
   - Network:       http://192.168.178.35:3000
   - Environments: .env.local

 ✓ Starting...
 ✓ Ready in 1397ms
 ○ Compiling /dashboard/courses/new ...
 GET /dashboard/courses/new?kind=course 200 in 3.2s (compile: 2.5s, render: 712ms)
 GET /dashboard/courses/new?kind=workshop 200 in 4.7s (compile: 4.1s, render: 565ms)
 GET /dashboard/courses/new 200 in 2.0s (compile: 1481ms, render: 539ms)
 GET / 200 in 756ms (compile: 696ms, render: 60ms)
 GET /dashboard/courses/new 200 in 130ms (compile: 6ms, render: 124ms)
 GET /dashboard/courses/new?kind=workshop 200 in 107ms (compile: 6ms, render: 101ms)
 GET /dashboard/courses/new?kind=course 200 in 131ms (compile: 4ms, render: 127ms)
 GET /dashboard/courses/new?kind=course 200 in 103ms (compile: 6ms, render: 97ms)
 GET /dashboard/courses/new?kind=workshop 200 in 127ms (compile: 4ms, render: 122ms)
 GET /dashboard/courses/new 200 in 138ms (compile: 7ms, render: 131ms)
